<?xml version="1.0" encoding="UTF-8"?>
<!-- Generated by org.testng.reporters.JUnitReportReporter -->
<testsuite hostname="LAPTOP-J0TQI7D9" failures="0" tests="1" name="script.ValidLogin" time="14.775" errors="0" timestamp="2023-06-26T08:41:39 IST" skipped="0">
  <testcase classname="script.ValidLogin" name="testValidLogin" time="14.775">
    <system-out>
      <![CDATA[Home Page is Displayed]]>
    </system-out>
  </testcase> <!-- testValidLogin -->
  <system-out>
    <![CDATA[Home Page is Displayed]]>
  </system-out>
</testsuite> <!-- script.ValidLogin -->
