<?xml version="1.0" encoding="UTF-8"?>
<!-- Generated by org.testng.reporters.JUnitReportReporter -->
<testsuite hostname="LAPTOP-J0TQI7D9" failures="0" tests="1" name="script.Test1" time="6.674" errors="0" timestamp="2023-06-25T22:51:27 IST" skipped="0">
  <testcase classname="script.Test1" name="test1" time="6.674">
    <system-out>
      <![CDATA[bhanu
test1...]]>
    </system-out>
  </testcase> <!-- test1 -->
  <system-out>
    <![CDATA[bhanu
test1...]]>
  </system-out>
</testsuite> <!-- script.Test1 -->
